2022.07.19 11:05:40 | ::1 |  | PORESKEKATEG.txt
2022.07.19 11:08:41 | ::1 |  | PORESKEKATEG.txt
2022.07.19 13:10:15 | ::1 | ::1 | PORESKEKATEG.txt
2022.07.19 13:11:02 | ::1 | ::1 | PORESKEKATEG.txt
2022.07.19 14:13:35 | ::1 | ::1 | PORESKEKATEG.txt
2022.07.19 14:18:27 | ::1 | ::1 | PORESKEKATEG.txt
2022.07.19 14:19:17 | ::1 | ::1 | PORESKEKATEG.txt
2022.07.19 14:19:49 | ::1 | ::1 | PORESKEKATEG.txt
2022.07.19 14:23:27 | ::1 | ::1 | Squirrel-CheckForUpdate.log
2022.07.19 14:24:43 | ::1 | ::1 | Squirrel-Shortcut.log
2022.07.19 14:37:24 | ::1 |  | usb (1).png
2022.07.19 14:39:45 | ::1 |  | eFakturePDF_2022-DIR-0100-000449.pdf
2022.07.19 14:40:47 | ::1 |  | eFakturePDF_2022-DIR-0100-000449.pdf
2022.07.19 14:40:50 | ::1 |  | eFakturePDF_2022-DIR-0100-000449.pdf
2022.07.19 14:41:03 | ::1 |  | eFakturePDF_17testE.pdf
2022.07.19 14:41:49 | ::1 |  | eFakturePDF_2022-DIR-0100-000449.pdf
2022.07.19 14:43:10 | ::1 |  | eFakturePDF_17testE.pdf
2022.07.19 14:43:28 | ::1 |  | eFakturePDF_17testE.pdf
2022.07.19 14:43:29 | ::1 |  | eFakturePDF_17testE.pdf
2022.07.19 14:43:29 | ::1 |  | eFakturePDF_17testE.pdf
2022.07.19 14:43:31 | ::1 |  | eFakturePDF_17testE.pdf
2022.07.19 14:44:07 | ::1 |  | eFakturePDF_17testE.pdf
2022.07.19 14:44:09 | ::1 |  | eFakturePDF_17testE.pdf
2022.07.19 14:44:12 | ::1 |  | eFakturePDF_17testE.pdf
2022.07.19 14:44:56 | ::1 |  | eFakturePDF_17testE.pdf
2022.07.19 14:45:04 | ::1 |  | eFakturePDF_17testE.pdf
2022.07.19 14:45:05 | ::1 |  | eFakturePDF_17testE.pdf
2022.07.19 14:45:06 | ::1 |  | eFakturePDF_17testE.pdf
2022.07.19 14:45:12 | ::1 |  | eFakturePDF_17testE.pdf
2022.07.19 14:45:12 | ::1 |  | eFakturePDF_17testE.pdf
2022.07.19 14:45:13 | ::1 |  | eFakturePDF_17testE.pdf
2022.07.19 14:45:28 | ::1 |  | eFakturePDF_17testE.pdf
2022.07.19 14:45:29 | ::1 |  | eFakturePDF_17testE.pdf
2022.07.19 14:45:30 | ::1 |  | eFakturePDF_17testE.pdf
2022.07.19 14:45:32 | ::1 |  | eFakturePDF_17testE.pdf
2022.07.19 14:45:48 | ::1 |  | eFakturePDF_17testE.pdf
2022.07.19 14:45:49 | ::1 |  | eFakturePDF_17testE.pdf
2022.07.19 14:45:49 | ::1 |  | eFakturePDF_17testE.pdf
2022.07.19 14:46:06 | ::1 |  | eFakturePDF_17testE.pdf
2022.07.19 14:46:23 | ::1 |  | eFakturePDF_17testE.pdf
2022.07.19 14:46:31 | ::1 |  | eFakturePDF_17testE.pdf
2022.07.19 14:46:32 | ::1 |  | eFakturePDF_17testE.pdf
2022.07.19 14:46:39 | ::1 |  | eFakturePDF_17testE.pdf
2022.07.19 14:46:40 | ::1 |  | eFakturePDF_17testE.pdf
2022.07.19 14:47:09 | ::1 |  | eFakturePDF_17testE.pdf
2022.07.19 14:47:11 | ::1 |  | eFakturePDF_17testE.pdf
2022.07.19 14:47:16 | ::1 |  | eFakturePDF_17testE.pdf
2022.07.19 14:47:17 | ::1 |  | eFakturePDF_17testE.pdf
2022.07.19 14:47:17 | ::1 |  | eFakturePDF_17testE.pdf
2022.07.19 14:49:42 | ::1 |  | eFakturePDF_17testE.pdf
2022.07.19 14:50:04 | ::1 |  | eFakturePDF_17testE.pdf
2022.07.19 14:50:30 | ::1 |  | eFakturePDF_17testE.pdf
2022.07.19 14:50:39 | ::1 |  | eFakturePDF_17testE.pdf
2022.07.19 14:50:40 | ::1 |  | eFakturePDF_17testE.pdf
2022.07.19 14:50:44 | ::1 |  | eFakturePDF_17testE.pdf
2022.07.19 14:50:45 | ::1 |  | eFakturePDF_17testE.pdf
2022.07.19 14:50:49 | ::1 |  | eFakturePDF_17testE.pdf
2022.07.19 14:50:50 | ::1 |  | eFakturePDF_17testE.pdf
2022.07.19 14:51:13 | ::1 |  | eFakturePDF_17testE.pdf
2022.07.19 14:51:14 | ::1 |  | eFakturePDF_17testE.pdf
2022.07.19 14:52:46 | ::1 |  | eFakturePDF_17testE.pdf
2022.07.19 14:53:03 | ::1 |  | eFakturePDF_17testE.pdf
2022.07.19 14:53:25 | ::1 |  | eFakturePDF_2022-DIR-0100-000449.pdf
2022.07.20 08:16:53 | ::1 |  | eFakturePDF_19582670.pdf
2022.07.20 10:16:38 | ::1 |  | eFakturePDF_DIR-0100-000449.pdf
2022.07.20 10:16:55 | ::1 |  | eFakturePDF_32-36602_22 (1).pdf
2022.07.20 10:18:22 | ::1 |  | eFakturePDF_32-36602_22 (1).pdf
2022.07.20 10:20:52 | ::1 |  | eFakturePDF_32-36602_22 (1).pdf
2022.07.20 10:20:53 | ::1 |  | eFakturePDF_32-36602_22 (1).pdf
2022.07.20 10:21:04 | ::1 |  | eFakturePDF_20069126 (1).pdf
2022.07.20 10:22:30 | ::1 |  | eFakturePDF_DIR-0100-000449 (1).pdf
2022.07.20 10:23:52 | ::1 |  | eFakturePDF_DIR-0100-000449 (1).pdf
2022.07.20 10:24:42 | ::1 |  | eFakturePDF_DIR-0100-000449 (1).pdf
2022.07.20 10:24:43 | ::1 |  | eFakturePDF_DIR-0100-000449 (1).pdf
2022.07.20 10:24:44 | ::1 |  | eFakturePDF_DIR-0100-000449 (1).pdf
2022.07.20 10:24:45 | ::1 |  | eFakturePDF_DIR-0100-000449 (1).pdf
2022.07.20 10:24:46 | ::1 |  | eFakturePDF_DIR-0100-000449 (1).pdf
2022.07.20 10:25:38 | ::1 |  | eFakturePDF_DIR-0100-000449 (1).pdf
2022.07.20 10:26:41 | ::1 |  | eFakturePDF_DIR-0100-000449 (1).pdf
2022.07.20 10:26:44 | ::1 |  | eFakturePDF_DIR-0100-000449 (1).pdf
2022.07.20 10:27:03 | ::1 |  | eFakturePDF_DIR-0100-000449 (1).pdf
2022.07.20 10:27:05 | ::1 |  | eFakturePDF_DIR-0100-000449 (1).pdf
2022.07.20 10:27:11 | ::1 |  | eFakturePDF_DIR-0100-000449 (1).pdf
2022.07.20 10:27:12 | ::1 |  | eFakturePDF_DIR-0100-000449 (1).pdf
2022.07.20 10:27:12 | ::1 |  | eFakturePDF_DIR-0100-000449 (1).pdf
2022.07.20 10:27:14 | ::1 |  | eFakturePDF_DIR-0100-000449 (1).pdf
2022.07.20 10:27:18 | ::1 |  | eFakturePDF_DIR-0100-000449 (1).pdf
2022.07.20 10:28:12 | ::1 |  | eFakturePDF_DIR-0100-000449 (1).pdf
2022.07.20 10:28:13 | ::1 |  | eFakturePDF_DIR-0100-000449 (1).pdf
2022.07.20 10:28:23 | ::1 |  | eFakturePDF_DIR-0100-000449 (1).pdf
2022.07.20 10:28:27 | ::1 |  | eFakturePDF_DIR-0100-000449 (1).pdf
2022.07.20 10:30:55 | ::1 |  | eFakturePDF_DIR-0100-000449 (1).pdf
2022.07.20 10:31:04 | ::1 |  | eFakturePDF_DIR-0100-000449 (1).pdf
2022.07.20 10:31:41 | ::1 |  | eFakturePDF_DIR-0100-000449 (1).pdf
2022.07.20 10:32:44 | ::1 |  | eFakturePDF_DIR-0100-000449 (1).pdf
2022.07.20 10:33:03 | ::1 |  | eFakturePDF_DIR-0100-000449 (1).pdf
2022.07.20 10:34:08 | ::1 |  | eFakturePDF_DIR-0100-000449 (1).pdf
2022.07.20 10:35:08 | ::1 |  | eFakturePDF_DIR-0100-000449 (1).pdf
2022.07.20 10:36:11 | ::1 |  | eFakturePDF_DIR-0100-000449 (1).pdf
2022.07.20 10:36:31 | ::1 |  | eFakturePDF_DIR-0100-000449 (1).pdf
2022.07.20 10:36:59 | ::1 |  | eFakturePDF_DIR-0100-000449 (1).pdf
2022.07.20 10:37:17 | ::1 |  | eFakturePDF_DIR-0100-000449 (1).pdf
2022.07.20 10:37:52 | ::1 |  | eFakturePDF_DIR-0100-000449 (1).pdf
2022.07.20 10:38:03 | ::1 |  | eFakturePDF_DIR-0100-000449 (1).pdf
2022.07.20 10:38:07 | ::1 |  | eFakturePDF_DIR-0100-000449 (1).pdf
2022.07.20 10:38:12 | ::1 |  | eFakturePDF_DIR-0100-000449 (1).pdf
2022.07.20 10:38:25 | ::1 |  | eFakturePDF_DIR-0100-000449 (1).pdf
2022.07.20 10:38:26 | ::1 |  | eFakturePDF_DIR-0100-000449 (1).pdf
2022.07.20 10:39:16 | ::1 |  | eFakturePDF_DIR-0100-000449 (1).pdf
2022.07.20 10:39:22 | ::1 |  | eFakturePDF_DIR-0100-000449 (1).pdf
2022.07.20 10:39:40 | ::1 |  | eFakturePDF_DIR-0100-000449 (1).pdf
2022.07.20 11:03:23 | ::1 |  | eFakturePDF_DIR-0100-000449 (1).pdf
2022.07.20 11:04:40 | ::1 |  | eFakturePDF_DIR-0100-000449 (1).pdf
2022.07.20 11:19:26 | ::1 |  | eFakturePDF_DIR-0100-000449 (1).pdf
2022.07.20 11:19:41 | ::1 |  | eFakturePDF_DIR-0100-000449 (1).pdf
2022.07.20 11:20:16 | ::1 |  | eFakturePDF_DIR-0100-000449 (1).pdf
2022.07.20 11:30:58 | ::1 |  | eFakturePDF_2022-DIR-0100-000449.pdf
2022.07.20 11:32:38 | ::1 |  | eFakturePDF_2022-DIR-0100-000449.pdf
2022.07.20 11:33:06 | ::1 |  | 191971_782022.xml
2022.07.20 11:33:29 | ::1 |  | eFakturePDF_KOM29353461.pdf
2022.07.20 11:36:00 | ::1 |  | eFakturePDF_DIR-0100-000449 (1).pdf
2022.07.20 11:37:20 | ::1 |  | eFakturePDF_DIR-0100-000449 (1).pdf
2022.07.20 11:37:22 | ::1 |  | eFakturePDF_DIR-0100-000449 (1).pdf
2022.07.20 11:37:35 | ::1 |  | PRILOG_eFakturePDF_DIR-0017-000002 (1).pdf
2022.07.20 12:59:58 | ::1 |  | eFakturePDF_32-36602_22.pdf
2022.07.20 13:08:31 | ::1 |  | eFakturePDF_20069126 (1).pdf
2022.07.20 13:09:12 | ::1 |  | PRILOG_eFakturePDF_DIR-0017-000002.pdf
2022.07.20 13:09:21 | ::1 |  | PRILOG_eFakturePDF_DIR-0017-000002 (1).pdf
2022.07.20 13:25:22 | ::1 |  | eFakturePDF_32-36602_22.pdf
2022.07.20 13:25:22 | ::1 |  | eFakturePDF_32-36602_22.pdf
2022.07.20 13:29:09 | ::1 |  | eFakturePDF_20069126.pdf
